d:\universidad\6to\ia\git\steeringbehaviors\sdsteeringbehaviors\sdsteeringbehaviors\x64\debug\vc142.pdb
d:\universidad\6to\ia\git\steeringbehaviors\sdsteeringbehaviors\sdsteeringbehaviors\x64\debug\vc142.idb
d:\universidad\6to\ia\git\steeringbehaviors\sdsteeringbehaviors\sdsteeringbehaviors\x64\debug\obstacle.obj
d:\universidad\6to\ia\git\steeringbehaviors\sdsteeringbehaviors\sdsteeringbehaviors\x64\debug\boid.obj
d:\universidad\6to\ia\git\steeringbehaviors\sdsteeringbehaviors\sdsteeringbehaviors\x64\debug\main.obj
d:\universidad\6to\ia\git\steeringbehaviors\sdsteeringbehaviors\sdsteeringbehaviors\x64\debug\statewalking.obj
d:\universidad\6to\ia\git\steeringbehaviors\sdsteeringbehaviors\sdsteeringbehaviors\x64\debug\stateshooting.obj
d:\universidad\6to\ia\git\steeringbehaviors\sdsteeringbehaviors\sdsteeringbehaviors\x64\debug\states.obj
d:\universidad\6to\ia\git\steeringbehaviors\sdsteeringbehaviors\sdsteeringbehaviors\x64\debug\statelooking.obj
d:\universidad\6to\ia\git\steeringbehaviors\sdsteeringbehaviors\sdsteeringbehaviors\x64\debug\stateidle.obj
d:\universidad\6to\ia\git\steeringbehaviors\sdsteeringbehaviors\sdsteeringbehaviors\x64\debug\stateexploding.obj
d:\universidad\6to\ia\git\steeringbehaviors\sdsteeringbehaviors\sdsteeringbehaviors\x64\debug\statechasing.obj
d:\universidad\6to\ia\git\steeringbehaviors\sdsteeringbehaviors\x64\debug\sdsteeringbehaviors.exe
d:\universidad\6to\ia\git\steeringbehaviors\sdsteeringbehaviors\x64\debug\sdsteeringbehaviors.ilk
d:\universidad\6to\ia\git\steeringbehaviors\sdsteeringbehaviors\x64\debug\sdsteeringbehaviors.pdb
d:\universidad\6to\ia\git\steeringbehaviors\sdsteeringbehaviors\sdsteeringbehaviors\x64\debug\sdsteeri.e21d9bc9.tlog\cl.command.1.tlog
d:\universidad\6to\ia\git\steeringbehaviors\sdsteeringbehaviors\sdsteeringbehaviors\x64\debug\sdsteeri.e21d9bc9.tlog\cl.read.1.tlog
d:\universidad\6to\ia\git\steeringbehaviors\sdsteeringbehaviors\sdsteeringbehaviors\x64\debug\sdsteeri.e21d9bc9.tlog\cl.write.1.tlog
d:\universidad\6to\ia\git\steeringbehaviors\sdsteeringbehaviors\sdsteeringbehaviors\x64\debug\sdsteeri.e21d9bc9.tlog\link.command.1.tlog
d:\universidad\6to\ia\git\steeringbehaviors\sdsteeringbehaviors\sdsteeringbehaviors\x64\debug\sdsteeri.e21d9bc9.tlog\link.read.1.tlog
d:\universidad\6to\ia\git\steeringbehaviors\sdsteeringbehaviors\sdsteeringbehaviors\x64\debug\sdsteeri.e21d9bc9.tlog\link.write.1.tlog
