  Boid.cpp
D:\UNIVERSIDAD\6TO\IA\GIT\SteeringBehaviors\SDSteeringBehaviors\SDSteeringBehaviors\include\CDVectors\CDVector2.h(16,5): warning C4201: se ha utilizado una extensión no estándar: struct/union sin especificar
D:\UNIVERSIDAD\6TO\IA\GIT\SteeringBehaviors\SDSteeringBehaviors\SDSteeringBehaviors\include\CDVectors\CDVector2.h(20,5): warning C4201: se ha utilizado una extensión no estándar: struct/union sin especificar
D:\UNIVERSIDAD\6TO\IA\GIT\SteeringBehaviors\SDSteeringBehaviors\SDSteeringBehaviors\include\CDVectors\CDVector2.h(24,5): warning C4201: se ha utilizado una extensión no estándar: struct/union sin especificar
D:\UNIVERSIDAD\6TO\IA\GIT\SteeringBehaviors\SDSteeringBehaviors\SDSteeringBehaviors\include\CDVectors\CDVector2.h(28,5): warning C4201: se ha utilizado una extensión no estándar: struct/union sin especificar
D:\UNIVERSIDAD\6TO\IA\GIT\SteeringBehaviors\SDSteeringBehaviors\SDSteeringBehaviors\include\CDVectors\CDVector2.h(32,5): warning C4201: se ha utilizado una extensión no estándar: struct/union sin especificar
D:\UNIVERSIDAD\6TO\IA\GIT\SteeringBehaviors\SDSteeringBehaviors\SDSteeringBehaviors\include\CDVectors\CDVector3.h(17,5): warning C4201: se ha utilizado una extensión no estándar: struct/union sin especificar
D:\UNIVERSIDAD\6TO\IA\GIT\SteeringBehaviors\SDSteeringBehaviors\SDSteeringBehaviors\include\CDVectors\CDVector3.h(21,5): warning C4201: se ha utilizado una extensión no estándar: struct/union sin especificar
D:\UNIVERSIDAD\6TO\IA\GIT\SteeringBehaviors\SDSteeringBehaviors\SDSteeringBehaviors\include\CDVectors\CDVector3.h(25,5): warning C4201: se ha utilizado una extensión no estándar: struct/union sin especificar
D:\UNIVERSIDAD\6TO\IA\GIT\SteeringBehaviors\SDSteeringBehaviors\SDSteeringBehaviors\include\CDVectors\CDVector3.h(29,5): warning C4201: se ha utilizado una extensión no estándar: struct/union sin especificar
D:\UNIVERSIDAD\6TO\IA\GIT\SteeringBehaviors\SDSteeringBehaviors\SDSteeringBehaviors\include\CDVectors\CDVector3.h(33,5): warning C4201: se ha utilizado una extensión no estándar: struct/union sin especificar
D:\UNIVERSIDAD\6TO\IA\GIT\SteeringBehaviors\SDSteeringBehaviors\SDSteeringBehaviors\include\CDVectors\CDVector4.h(18,5): warning C4201: se ha utilizado una extensión no estándar: struct/union sin especificar
D:\UNIVERSIDAD\6TO\IA\GIT\SteeringBehaviors\SDSteeringBehaviors\SDSteeringBehaviors\include\CDVectors\CDVector4.h(22,5): warning C4201: se ha utilizado una extensión no estándar: struct/union sin especificar
D:\UNIVERSIDAD\6TO\IA\GIT\SteeringBehaviors\SDSteeringBehaviors\SDSteeringBehaviors\include\CDVectors\CDVector4.h(26,5): warning C4201: se ha utilizado una extensión no estándar: struct/union sin especificar
D:\UNIVERSIDAD\6TO\IA\GIT\SteeringBehaviors\SDSteeringBehaviors\SDSteeringBehaviors\include\CDVectors\CDVector4.h(30,5): warning C4201: se ha utilizado una extensión no estándar: struct/union sin especificar
D:\UNIVERSIDAD\6TO\IA\GIT\SteeringBehaviors\SDSteeringBehaviors\SDSteeringBehaviors\include\CDVectors\CDVector4.h(34,5): warning C4201: se ha utilizado una extensión no estándar: struct/union sin especificar
D:\UNIVERSIDAD\6TO\IA\GIT\SteeringBehaviors\SDSteeringBehaviors\SDSteeringBehaviors\source\Boid.cpp(188,8): warning C4189: 'distToB': la variable local se ha inicializado pero no se hace referencia a ella
D:\UNIVERSIDAD\6TO\IA\GIT\SteeringBehaviors\SDSteeringBehaviors\SDSteeringBehaviors\source\Boid.cpp(189,8): warning C4189: 'distToPP': la variable local se ha inicializado pero no se hace referencia a ella
D:\UNIVERSIDAD\6TO\IA\GIT\SteeringBehaviors\SDSteeringBehaviors\SDSteeringBehaviors\source\Boid.cpp(223,68): warning C4100: 'DirA': parámetro formal sin referencia
D:\UNIVERSIDAD\6TO\IA\GIT\SteeringBehaviors\SDSteeringBehaviors\SDSteeringBehaviors\source\Boid.cpp(239,13): warning C4244: 'argumento': conversión de 'time_t' a 'unsigned int'; posible pérdida de datos
D:\UNIVERSIDAD\6TO\IA\GIT\SteeringBehaviors\SDSteeringBehaviors\SDSteeringBehaviors\source\Boid.cpp(249,13): warning C4244: 'argumento': conversión de 'time_t' a 'unsigned int'; posible pérdida de datos
D:\UNIVERSIDAD\6TO\IA\GIT\SteeringBehaviors\SDSteeringBehaviors\SDSteeringBehaviors\source\Boid.cpp(270,13): warning C4244: 'argumento': conversión de 'time_t' a 'unsigned int'; posible pérdida de datos
D:\UNIVERSIDAD\6TO\IA\GIT\SteeringBehaviors\SDSteeringBehaviors\SDSteeringBehaviors\source\Boid.cpp(271,11): warning C4244: 'inicializando': conversión de 'double' a 'float'; posible pérdida de datos
D:\UNIVERSIDAD\6TO\IA\GIT\SteeringBehaviors\SDSteeringBehaviors\SDSteeringBehaviors\source\Boid.cpp(272,11): warning C4244: 'inicializando': conversión de 'double' a 'float'; posible pérdida de datos
D:\UNIVERSIDAD\6TO\IA\GIT\SteeringBehaviors\SDSteeringBehaviors\SDSteeringBehaviors\source\Boid.cpp(278,12): warning C4244: 'argumento': conversión de 'time_t' a 'unsigned int'; posible pérdida de datos
D:\UNIVERSIDAD\6TO\IA\GIT\SteeringBehaviors\SDSteeringBehaviors\SDSteeringBehaviors\source\Boid.cpp(280,13): warning C4244: 'inicializando': conversión de 'double' a 'float'; posible pérdida de datos
D:\UNIVERSIDAD\6TO\IA\GIT\SteeringBehaviors\SDSteeringBehaviors\SDSteeringBehaviors\source\Boid.cpp(284,53): warning C4244: 'argumento': conversión de 'double' a 'float'; posible pérdida de datos
D:\UNIVERSIDAD\6TO\IA\GIT\SteeringBehaviors\SDSteeringBehaviors\SDSteeringBehaviors\source\Boid.cpp(284,85): warning C4244: 'argumento': conversión de 'double' a 'float'; posible pérdida de datos
  SDSteeringBehaviors.vcxproj -> D:\UNIVERSIDAD\6TO\IA\GIT\SteeringBehaviors\SDSteeringBehaviors\x64\Debug\SDSteeringBehaviors.exe
